\BOOKMARK [0][-]{chapter*.3}{\376\377\000R\000e\000s\000u\000m\000e\000n}{}% 1
\BOOKMARK [0][-]{chapter*.4}{\376\377\000A\000b\000s\000t\000r\000a\000c\000t}{}% 2
\BOOKMARK [0][-]{chapter*.4}{\376\377\000\315\000n\000d\000i\000c\000e\000\040\000d\000e\000\040\000F\000i\000g\000u\000r\000a\000s}{}% 3
\BOOKMARK [0][-]{chapter*.4}{\376\377\000\315\000n\000d\000i\000c\000e\000\040\000d\000e\000\040\000T\000a\000b\000l\000a\000s}{}% 4
\BOOKMARK [0][-]{chapter*.4}{\376\377\000\315\000n\000d\000i\000c\000e\000\040\000d\000e\000\040\000F\000\363\000r\000m\000u\000l\000a\000s}{}% 5
\BOOKMARK [0][-]{chapter*.5}{\376\377\000L\000i\000s\000t\000a\000\040\000d\000e\000\040\000A\000b\000r\000e\000v\000i\000a\000c\000i\000o\000n\000e\000s}{}% 6
\BOOKMARK [0][-]{chapter.1}{\376\377\000I\000n\000t\000r\000o\000d\000u\000c\000c\000i\000\363\000n}{}% 7
\BOOKMARK [1][-]{section.1.1}{\376\377\000P\000l\000a\000n\000t\000e\000a\000m\000i\000e\000n\000t\000o\000\040\000d\000e\000l\000\040\000P\000r\000o\000b\000l\000e\000m\000a}{chapter.1}% 8
\BOOKMARK [1][-]{section.1.2}{\376\377\000J\000u\000s\000t\000i\000f\000i\000c\000a\000c\000i\000\363\000n}{chapter.1}% 9
\BOOKMARK [1][-]{section.1.3}{\376\377\000O\000b\000j\000e\000t\000i\000v\000o\000s}{chapter.1}% 10
\BOOKMARK [2][-]{subsection.1.3.1}{\376\377\000O\000b\000j\000e\000t\000i\000v\000o\000\040\000G\000e\000n\000e\000r\000a\000l}{section.1.3}% 11
\BOOKMARK [2][-]{subsection.1.3.2}{\376\377\000O\000b\000j\000e\000t\000i\000v\000o\000s\000\040\000E\000s\000p\000e\000c\000\355\000f\000i\000c\000o\000s}{section.1.3}% 12
\BOOKMARK [1][-]{section.1.4}{\376\377\000A\000l\000c\000a\000n\000c\000e\000s\000\040\000y\000\040\000L\000i\000m\000i\000t\000a\000c\000i\000o\000n\000e\000s}{chapter.1}% 13
\BOOKMARK [1][-]{section.1.5}{\376\377\000E\000s\000t\000r\000u\000c\000t\000u\000r\000a\000\040\000d\000e\000l\000\040\000D\000o\000c\000u\000m\000e\000n\000t\000o}{chapter.1}% 14
\BOOKMARK [0][-]{chapter.2}{\376\377\000M\000a\000r\000c\000o\000\040\000T\000e\000\363\000r\000i\000c\000o\000\040\000/\000\040\000E\000s\000t\000a\000d\000o\000\040\000d\000e\000l\000\040\000A\000r\000t\000e}{}% 15
\BOOKMARK [1][-]{section.2.1}{\376\377\000A\000n\000t\000e\000c\000e\000d\000e\000n\000t\000e\000s}{chapter.2}% 16
\BOOKMARK [1][-]{section.2.2}{\376\377\000C\000o\000n\000c\000e\000p\000t\000o\000s\000\040\000C\000l\000a\000v\000e}{chapter.2}% 17
\BOOKMARK [2][-]{subsection.2.2.1}{\376\377\000E\000l\000\040\000P\000r\000o\000b\000l\000e\000m\000a\000\040\000e\000n\000\040\000O\000p\000t\000i\000m\000i\000z\000a\000c\000i\000\363\000n}{section.2.2}% 18
\BOOKMARK [3][-]{subsubsection.2.2.1.1}{\376\377\000O\000p\000t\000i\000m\000i\000z\000a\000c\000i\000\363\000n\000\040\000C\000o\000n\000t\000i\000n\000u\000a}{subsection.2.2.1}% 19
\BOOKMARK [3][-]{subsubsection.2.2.1.2}{\376\377\000O\000p\000t\000i\000m\000i\000z\000a\000c\000i\000\363\000n\000\040\000D\000i\000s\000c\000r\000e\000t\000a\000\040\000o\000\040\000C\000o\000m\000b\000i\000n\000a\000t\000o\000r\000i\000a}{subsection.2.2.1}% 20
\BOOKMARK [2][-]{subsection.2.2.2}{\376\377\000C\000o\000m\000p\000l\000e\000j\000i\000d\000a\000d\000\040\000C\000o\000m\000p\000u\000t\000a\000c\000i\000o\000n\000a\000l\000\040\000y\000\040\000A\000l\000g\000o\000r\000\355\000t\000m\000i\000c\000a}{section.2.2}% 21
\BOOKMARK [2][-]{subsection.2.2.3}{\376\377\000E\000l\000\040\000P\000r\000o\000b\000l\000e\000m\000a\000\040\000P\000\040\000v\000s\000\040\000N\000P}{section.2.2}% 22
\BOOKMARK [3][-]{subsubsection.2.2.3.1}{\376\377\000C\000l\000a\000s\000e\000s\000\040\000P\000\040\000y\000\040\000N\000P}{subsection.2.2.3}% 23
\BOOKMARK [3][-]{subsubsection.2.2.3.2}{\376\377\000N\000P\000-\000C\000o\000m\000p\000l\000e\000t\000o\000\040\000y\000\040\000N\000P\000-\000D\000i\000f\000\355\000c\000i\000l}{subsection.2.2.3}% 24
\BOOKMARK [2][-]{subsection.2.2.4}{\376\377\000P\000r\000o\000b\000l\000e\000m\000a\000s\000\040\000d\000e\000\040\000O\000p\000t\000i\000m\000i\000z\000a\000c\000i\000\363\000n\000\040\000C\000o\000m\000b\000i\000n\000a\000t\000o\000r\000i\000a}{section.2.2}% 25
\BOOKMARK [3][-]{subsubsection.2.2.4.1}{\376\377\000P\000r\000o\000b\000l\000e\000m\000a\000\040\000d\000e\000l\000\040\000A\000g\000e\000n\000t\000e\000\040\000V\000i\000a\000j\000e\000r\000o\000\040\000\050\000T\000S\000P\000\051}{subsection.2.2.4}% 26
\BOOKMARK [3][-]{subsubsection.2.2.4.2}{\376\377\000P\000r\000o\000b\000l\000e\000m\000a\000\040\000d\000e\000l\000\040\000P\000r\000o\000b\000l\000e\000m\000a\000\040\000R\000u\000t\000e\000o\000\040\000d\000e\000\040\000V\000e\000h\000\355\000c\000u\000l\000o\000s\000\040\000\050\000V\000R\000P\000\051}{subsection.2.2.4}% 27
\BOOKMARK [3][-]{subsubsection.2.2.4.3}{\376\377\000P\000r\000o\000b\000l\000e\000m\000a\000\040\000d\000e\000\040\000R\000u\000t\000e\000o\000\040\000d\000e\000\040\000V\000e\000h\000\355\000c\000u\000l\000o\000s\000\040\000c\000o\000n\000\040\000V\000e\000n\000t\000a\000n\000a\000s\000\040\000d\000e\000\040\000T\000i\000e\000m\000p\000o\000\040\000\050\000V\000R\000P\000-\000T\000W\000\051}{subsection.2.2.4}% 28
\BOOKMARK [2][-]{subsection.2.2.5}{\376\377\000M\000\351\000t\000o\000d\000o\000s\000\040\000d\000e\000\040\000S\000o\000l\000u\000c\000i\000\363\000n\000\040\000p\000a\000r\000a\000\040\000e\000l\000\040\000V\000R\000P\000-\000T\000W}{section.2.2}% 29
\BOOKMARK [3][-]{subsubsection.2.2.5.1}{\376\377\000M\000\351\000t\000o\000d\000o\000s\000\040\000E\000x\000a\000c\000t\000o\000s}{subsection.2.2.5}% 30
\BOOKMARK [3][-]{subsubsection.2.2.5.2}{\376\377\000H\000e\000u\000r\000\355\000s\000t\000i\000c\000a\000s}{subsection.2.2.5}% 31
\BOOKMARK [3][-]{subsubsection.2.2.5.3}{\376\377\000M\000e\000t\000a\000h\000e\000u\000r\000\355\000s\000t\000i\000c\000a\000s}{subsection.2.2.5}% 32
\BOOKMARK [3][-]{subsubsection.2.2.5.4}{\376\377\000A\000l\000g\000o\000r\000i\000t\000m\000o\000s\000\040\000H\000\355\000b\000r\000i\000d\000o\000s}{subsection.2.2.5}% 33
\BOOKMARK [1][-]{section.2.3}{\376\377\000R\000e\000f\000e\000r\000e\000n\000c\000i\000a\000s\000\040\000R\000e\000l\000e\000v\000a\000n\000t\000e\000s}{chapter.2}% 34
\BOOKMARK [0][-]{chapter.3}{\376\377\000M\000a\000t\000e\000r\000i\000a\000l\000e\000s\000\040\000y\000\040\000M\000\351\000t\000o\000d\000o\000s}{}% 35
\BOOKMARK [1][-]{section.3.1}{\376\377\000M\000a\000t\000e\000r\000i\000a\000l\000e\000s}{chapter.3}% 36
\BOOKMARK [2][-]{subsection.3.1.1}{\376\377\000D\000a\000t\000o\000s\000\040\000e\000\040\000i\000n\000s\000t\000a\000n\000c\000i\000a\000s\000\040\000d\000e\000l\000\040\000p\000r\000o\000b\000l\000e\000m\000a}{section.3.1}% 37
\BOOKMARK [2][-]{subsection.3.1.2}{\376\377\000S\000o\000f\000t\000w\000a\000r\000e}{section.3.1}% 38
\BOOKMARK [2][-]{subsection.3.1.3}{\376\377\000H\000a\000r\000d\000w\000a\000r\000e}{section.3.1}% 39
\BOOKMARK [2][-]{subsection.3.1.4}{\376\377\000H\000e\000r\000r\000a\000m\000i\000e\000n\000t\000a\000s\000\040\000d\000e\000\040\000a\000p\000o\000y\000o}{section.3.1}% 40
\BOOKMARK [1][-]{section.3.2}{\376\377\000M\000\351\000t\000o\000d\000o\000s}{chapter.3}% 41
\BOOKMARK [2][-]{subsection.3.2.1}{\376\377\000D\000e\000s\000c\000r\000i\000p\000c\000i\000\363\000n\000\040\000g\000e\000n\000e\000r\000a\000l\000\040\000d\000e\000l\000\040\000a\000l\000g\000o\000r\000t\000i\000m\000o\000\040\000h\000\355\000b\000r\000i\000d\000o}{section.3.2}% 42
\BOOKMARK [2][-]{subsection.3.2.2}{\376\377\000C\000a\000l\000i\000b\000r\000a\000c\000i\000\363\000n\000\040\000d\000e\000\040\000p\000a\000r\000\341\000m\000e\000t\000r\000o\000s\000\040\000m\000e\000d\000i\000a\000n\000t\000e\000\040\000E\000v\000o\000l\000u\000c\000i\000\363\000n\000\040\000D\000i\000f\000e\000r\000e\000n\000c\000i\000a\000l}{section.3.2}% 43
\BOOKMARK [3][-]{subsubsection.3.2.2.1}{\376\377\000C\000o\000n\000f\000i\000g\000u\000r\000a\000c\000i\000\363\000n\000\040\000d\000e\000\040\000r\000a\000n\000g\000o\000s\000\040\000d\000e\000\040\000p\000a\000r\000\341\000m\000e\000t\000r\000o\000s\000\040\000s\000e\000g\000\372\000n\000\040\000t\000a\000m\000a\000\361\000o\000\040\000d\000e\000\040\000i\000n\000s\000t\000a\000n\000c\000i\000a}{subsection.3.2.2}% 44
\BOOKMARK [3][-]{subsubsection.3.2.2.2}{\376\377\000R\000e\000p\000r\000e\000s\000e\000n\000t\000a\000c\000i\000\363\000n\000\040\000d\000e\000\040\000i\000n\000d\000i\000v\000i\000d\000u\000o\000s}{subsection.3.2.2}% 45
\BOOKMARK [3][-]{subsubsection.3.2.2.3}{\376\377\000F\000u\000n\000c\000i\000\363\000n\000\040\000d\000e\000\040\000A\000p\000t\000i\000t\000u\000d}{subsection.3.2.2}% 46
\BOOKMARK [3][-]{subsubsection.3.2.2.4}{\376\377\000D\000e\000f\000i\000n\000i\000c\000i\000\363\000n\000\040\000d\000e\000\040\000l\000a\000\040\000F\000u\000n\000c\000i\000\363\000n\000\040\000d\000e\000\040\000A\000p\000t\000i\000t\000u\000d}{subsection.3.2.2}% 47
\BOOKMARK [3][-]{subsubsection.3.2.2.5}{\376\377\000P\000a\000r\000\341\000m\000e\000t\000r\000o\000s\000\040\000d\000e\000l\000\040\000A\000l\000g\000o\000r\000i\000t\000m\000o\000\040\000E\000v\000o\000l\000u\000t\000i\000v\000o\000\040\000D\000i\000f\000e\000r\000e\000n\000c\000i\000a\000l}{subsection.3.2.2}% 48
\BOOKMARK [3][-]{subsubsection.3.2.2.6}{\376\377\000C\000r\000i\000t\000e\000r\000i\000o\000\040\000d\000e\000\040\000p\000a\000r\000a\000d\000a}{subsection.3.2.2}% 49
\BOOKMARK [3][-]{subsubsection.3.2.2.7}{\376\377\000P\000s\000e\000u\000d\000o\000c\000\363\000d\000i\000g\000o\000\040\000d\000e\000l\000\040\000A\000l\000g\000o\000r\000i\000t\000m\000o\000\040\000E\000v\000o\000l\000u\000t\000i\000v\000o\000\040\000D\000i\000f\000e\000r\000e\000n\000c\000i\000a\000l}{subsection.3.2.2}% 50
\BOOKMARK [2][-]{subsection.3.2.3}{\376\377\000C\000o\000n\000s\000t\000r\000u\000c\000c\000i\000\363\000n\000\040\000d\000e\000\040\000r\000u\000t\000a\000s\000\040\000i\000n\000i\000c\000i\000a\000l\000e\000s\000\040\000m\000e\000d\000i\000a\000n\000t\000e\000\040\000O\000p\000t\000i\000m\000i\000z\000a\000c\000i\000\363\000n\000\040\000p\000o\000r\000\040\000C\000o\000l\000o\000n\000i\000a\000\040\000d\000e\000\040\000H\000o\000r\000m\000i\000g\000a\000s}{section.3.2}% 51
\BOOKMARK [3][-]{subsubsection.3.2.3.1}{\376\377\000F\000u\000n\000d\000a\000m\000e\000n\000t\000o\000s\000\040\000d\000e\000l\000\040\000a\000l\000g\000o\000r\000i\000t\000m\000o\000\040\000A\000C\000O}{subsection.3.2.3}% 52
\BOOKMARK [3][-]{subsubsection.3.2.3.2}{\376\377\000C\000o\000n\000s\000t\000r\000u\000c\000c\000i\000\363\000n\000\040\000p\000r\000o\000b\000a\000b\000i\000l\000\355\000s\000t\000i\000c\000a\000\040\000d\000e\000\040\000r\000u\000t\000a\000s}{subsection.3.2.3}% 53
\BOOKMARK [3][-]{subsubsection.3.2.3.3}{\376\377\000G\000e\000s\000t\000i\000\363\000n\000\040\000d\000e\000\040\000r\000e\000s\000t\000r\000i\000c\000c\000i\000o\000n\000e\000s\000\040\000t\000e\000m\000p\000o\000r\000a\000l\000e\000s}{subsection.3.2.3}% 54
\BOOKMARK [3][-]{subsubsection.3.2.3.4}{\376\377\000P\000r\000o\000c\000e\000s\000o\000\040\000d\000e\000\040\000c\000o\000n\000s\000t\000r\000u\000c\000c\000i\000\363\000n\000\040\000d\000e\000\040\000s\000o\000l\000u\000c\000i\000o\000n\000e\000s\000\040\000y\000\040\000g\000e\000s\000t\000i\000\363\000n\000\040\000d\000e\000\040\000f\000l\000o\000t\000a}{subsection.3.2.3}% 55
\BOOKMARK [3][-]{subsubsection.3.2.3.5}{\376\377\000E\000v\000a\000l\000u\000a\000c\000i\000\363\000n\000\040\000d\000e\000\040\000l\000a\000\040\000f\000u\000n\000c\000i\000\363\000n\000\040\000o\000b\000j\000e\000t\000i\000v\000o}{subsection.3.2.3}% 56
\BOOKMARK [3][-]{subsubsection.3.2.3.6}{\376\377\000A\000c\000t\000u\000a\000l\000i\000z\000a\000c\000i\000\363\000n\000\040\000d\000e\000\040\000f\000e\000r\000o\000m\000o\000n\000a\000s}{subsection.3.2.3}% 57
\BOOKMARK [3][-]{subsubsection.3.2.3.7}{\376\377\000C\000r\000i\000t\000e\000r\000i\000o\000\040\000d\000e\000\040\000f\000a\000c\000t\000i\000b\000i\000l\000i\000d\000a\000d}{subsection.3.2.3}% 58
\BOOKMARK [3][-]{subsubsection.3.2.3.8}{\376\377\000P\000s\000e\000u\000d\000o\000c\000\363\000d\000i\000g\000o\000\040\000d\000e\000l\000\040\000A\000C\000O\000\040\000i\000n\000t\000e\000g\000r\000a\000d\000o\000\040\000c\000o\000n\000\040\000R\000e\000c\000o\000c\000i\000d\000o\000\040\000S\000i\000m\000u\000l\000a\000d\000o}{subsection.3.2.3}% 59
\BOOKMARK [2][-]{subsection.3.2.4}{\376\377\000R\000e\000f\000i\000n\000a\000m\000i\000e\000n\000t\000o\000\040\000d\000e\000\040\000r\000u\000t\000a\000s\000\040\000m\000e\000d\000i\000a\000n\000t\000e\000\040\000R\000e\000c\000o\000c\000i\000d\000o\000\040\000S\000i\000m\000u\000l\000a\000d\000o}{section.3.2}% 60
\BOOKMARK [3][-]{subsubsection.3.2.4.1}{\376\377\000F\000u\000n\000d\000a\000m\000e\000n\000t\000o\000s\000\040\000d\000e\000l\000\040\000a\000l\000g\000o\000r\000i\000t\000m\000o\000\040\000S\000A}{subsection.3.2.4}% 61
\BOOKMARK [3][-]{subsubsection.3.2.4.2}{\376\377\000O\000p\000e\000r\000a\000d\000o\000r\000e\000s\000\040\000d\000e\000\040\000v\000e\000c\000i\000n\000d\000a\000d\000\040\000a\000d\000a\000p\000t\000a\000t\000i\000v\000o\000s}{subsection.3.2.4}% 62
\BOOKMARK [3][-]{subsubsection.3.2.4.3}{\376\377\000C\000r\000i\000t\000e\000r\000i\000o\000\040\000d\000e\000\040\000a\000c\000e\000p\000t\000a\000c\000i\000\363\000n\000\040\000d\000e\000\040\000M\000e\000t\000r\000o\000p\000o\000l\000i\000s}{subsection.3.2.4}% 63
\BOOKMARK [3][-]{subsubsection.3.2.4.4}{\376\377\000E\000s\000q\000u\000e\000m\000a\000\040\000d\000e\000\040\000e\000n\000f\000r\000i\000a\000m\000i\000e\000n\000t\000o}{subsection.3.2.4}% 64
\BOOKMARK [3][-]{subsubsection.3.2.4.5}{\376\377\000M\000a\000n\000e\000j\000o\000\040\000d\000e\000\040\000f\000a\000c\000t\000i\000b\000i\000l\000i\000d\000a\000d\000\040\000y\000\040\000l\000i\000m\000p\000i\000e\000z\000a\000\040\000d\000e\000\040\000v\000e\000h\000\355\000c\000u\000l\000o\000s}{subsection.3.2.4}% 65
\BOOKMARK [3][-]{subsubsection.3.2.4.6}{\376\377\000A\000l\000g\000o\000r\000i\000t\000m\000o\000\040\000p\000r\000i\000n\000c\000i\000p\000a\000l\000\040\000d\000e\000\040\000R\000e\000c\000o\000c\000i\000d\000o\000\040\000S\000i\000m\000u\000l\000a\000d\000o}{subsection.3.2.4}% 66
\BOOKMARK [0][-]{chapter.4}{\376\377\000R\000e\000s\000u\000l\000t\000a\000d\000o\000s}{}% 67
\BOOKMARK [0][-]{chapter.5}{\376\377\000C\000o\000n\000c\000l\000u\000s\000i\000o\000n\000e\000s}{}% 68
